<?xml version="1.0" encoding="UTF-8"?>
<!-- Generated by org.testng.reporters.JUnitReportReporter -->
<testsuite hostname="DESKTOP-DKGOJOA" failures="0" tests="1" name="flyaway.Flight_Booking" time="23.445" errors="0" timestamp="2024-02-29T21:39:51 IST" skipped="0">
  <testcase classname="flyaway.Flight_Booking" name="Flight_Booking" time="23.445"/>
</testsuite> <!-- flyaway.Flight_Booking -->
